# JRE version: Java(TM) SE Runtime Environment (8.0_131-b11) (build 1.8.0_131-b11)
# Java VM: Java HotSpot(TM) 64-Bit Server VM (25.131-b11 mixed mode windows-amd64 compressed oops)
Heap:
 PSYoungGen      total 203264K, used 132039K [0x00000000e0000000, 0x00000000ef600000, 0x0000000100000000)
  eden space 184320K, 61% used [0x00000000e0000000,0x00000000e6e721f8,0x00000000eb400000)
  from space 18944K, 99% used [0x00000000eb400000,0x00000000ec67fc50,0x00000000ec680000)
  to   space 22528K, 0% used [0x00000000ee000000,0x00000000ee000000,0x00000000ef600000)
 ParOldGen       total 135168K, used 40541K [0x00000000a0000000, 0x00000000a8400000, 0x00000000e0000000)
  object space 135168K, 29% used [0x00000000a0000000,0x00000000a2797510,0x00000000a8400000)
 Metaspace       used 69925K, capacity 72482K, committed 72704K, reserved 1112064K
  class space    used 9665K, capacity 10212K, committed 10240K, reserved 1048576K
GC Heap History (10 events):
Event: 17.404 GC heap before
{Heap before GC invocations=12 (full 2):
 PSYoungGen      total 126464K, used 115712K [0x00000000e0000000, 0x00000000eb800000, 0x0000000100000000)
  eden space 115712K, 100% used [0x00000000e0000000,0x00000000e7100000,0x00000000e7100000)
  from space 10752K, 0% used [0x00000000e7100000,0x00000000e7100000,0x00000000e7b80000)
  to   space 11264K, 0% used [0x00000000ead00000,0x00000000ead00000,0x00000000eb800000)
 ParOldGen       total 83456K, used 16809K [0x00000000a0000000, 0x00000000a5180000, 0x00000000e0000000)
  object space 83456K, 20% used [0x00000000a0000000,0x00000000a106a7a8,0x00000000a5180000)
 Metaspace       used 45392K, capacity 46478K, committed 46592K, reserved 1089536K
  class space    used 6264K, capacity 6600K, committed 6656K, reserved 1048576K
Event: 17.421 GC heap after
Heap after GC invocations=12 (full 2):
 PSYoungGen      total 160256K, used 11254K [0x00000000e0000000, 0x00000000eb800000, 0x0000000100000000)
  eden space 148992K, 0% used [0x00000000e0000000,0x00000000e0000000,0x00000000e9180000)
  from space 11264K, 99% used [0x00000000ead00000,0x00000000eb7fda58,0x00000000eb800000)
  to   space 13824K, 0% used [0x00000000e9d00000,0x00000000e9d00000,0x00000000eaa80000)
 ParOldGen       total 83456K, used 20846K [0x00000000a0000000, 0x00000000a5180000, 0x00000000e0000000)
  object space 83456K, 24% used [0x00000000a0000000,0x00000000a145bae0,0x00000000a5180000)
 Metaspace       used 45392K, capacity 46478K, committed 46592K, reserved 1089536K
  class space    used 6264K, capacity 6600K, committed 6656K, reserved 1048576K
}
Event: 20.426 GC heap before
{Heap before GC invocations=13 (full 2):
 PSYoungGen      total 160256K, used 154935K [0x00000000e0000000, 0x00000000eb800000, 0x0000000100000000)
  eden space 148992K, 96% used [0x00000000e0000000,0x00000000e8c50340,0x00000000e9180000)
  from space 11264K, 99% used [0x00000000ead00000,0x00000000eb7fda58,0x00000000eb800000)
  to   space 13824K, 0% used [0x00000000e9d00000,0x00000000e9d00000,0x00000000eaa80000)
 ParOldGen       total 83456K, used 20846K [0x00000000a0000000, 0x00000000a5180000, 0x00000000e0000000)
  object space 83456K, 24% used [0x00000000a0000000,0x00000000a145bae0,0x00000000a5180000)
 Metaspace       used 57442K, capacity 59092K, committed 59136K, reserved 1099776K
  class space    used 7993K, capacity 8409K, committed 8448K, reserved 1048576K
Event: 20.459 GC heap after
Heap after GC invocations=13 (full 2):
 PSYoungGen      total 174592K, used 13807K [0x00000000e0000000, 0x00000000ee000000, 0x0000000100000000)
  eden space 160768K, 0% used [0x00000000e0000000,0x00000000e0000000,0x00000000e9d00000)
  from space 13824K, 99% used [0x00000000e9d00000,0x00000000eaa7bde8,0x00000000eaa80000)
  to   space 18944K, 0% used [0x00000000ecd80000,0x00000000ecd80000,0x00000000ee000000)
 ParOldGen       total 83456K, used 30332K [0x00000000a0000000, 0x00000000a5180000, 0x00000000e0000000)
  object space 83456K, 36% used [0x00000000a0000000,0x00000000a1d9f1d0,0x00000000a5180000)
 Metaspace       used 57442K, capacity 59092K, committed 59136K, reserved 1099776K
  class space    used 7993K, capacity 8409K, committed 8448K, reserved 1048576K
}
Event: 20.460 GC heap before
{Heap before GC invocations=14 (full 3):
 PSYoungGen      total 174592K, used 13807K [0x00000000e0000000, 0x00000000ee000000, 0x0000000100000000)
  eden space 160768K, 0% used [0x00000000e0000000,0x00000000e0000000,0x00000000e9d00000)
  from space 13824K, 99% used [0x00000000e9d00000,0x00000000eaa7bde8,0x00000000eaa80000)
  to   space 18944K, 0% used [0x00000000ecd80000,0x00000000ecd80000,0x00000000ee000000)
 ParOldGen       total 83456K, used 30332K [0x00000000a0000000, 0x00000000a5180000, 0x00000000e0000000)
  object space 83456K, 36% used [0x00000000a0000000,0x00000000a1d9f1d0,0x00000000a5180000)
 Metaspace       used 57442K, capacity 59092K, committed 59136K, reserved 1099776K
  class space    used 7993K, capacity 8409K, committed 8448K, reserved 1048576K
Event: 20.877 GC heap after
Heap after GC invocations=14 (full 3):
 PSYoungGen      total 174592K, used 0K [0x00000000e0000000, 0x00000000ee000000, 0x0000000100000000)
  eden space 160768K, 0% used [0x00000000e0000000,0x00000000e0000000,0x00000000e9d00000)
  from space 13824K, 0% used [0x00000000e9d00000,0x00000000e9d00000,0x00000000eaa80000)
  to   space 18944K, 0% used [0x00000000ecd80000,0x00000000ecd80000,0x00000000ee000000)
 ParOldGen       total 135168K, used 37179K [0x00000000a0000000, 0x00000000a8400000, 0x00000000e0000000)
  object space 135168K, 27% used [0x00000000a0000000,0x00000000a244eef8,0x00000000a8400000)
 Metaspace       used 57442K, capacity 59092K, committed 59136K, reserved 1099776K
  class space    used 7993K, capacity 8409K, committed 8448K, reserved 1048576K
}
Event: 27.189 GC heap before
{Heap before GC invocations=15 (full 3):
 PSYoungGen      total 174592K, used 160768K [0x00000000e0000000, 0x00000000ee000000, 0x0000000100000000)
  eden space 160768K, 100% used [0x00000000e0000000,0x00000000e9d00000,0x00000000e9d00000)
  from space 13824K, 0% used [0x00000000e9d00000,0x00000000e9d00000,0x00000000eaa80000)
  to   space 18944K, 0% used [0x00000000ecd80000,0x00000000ecd80000,0x00000000ee000000)
 ParOldGen       total 135168K, used 37179K [0x00000000a0000000, 0x00000000a8400000, 0x00000000e0000000)
  object space 135168K, 27% used [0x00000000a0000000,0x00000000a244eef8,0x00000000a8400000)
 Metaspace       used 62251K, capacity 64488K, committed 64768K, reserved 1105920K
  class space    used 8646K, capacity 9117K, committed 9216K, reserved 1048576K
Event: 27.212 GC heap after
Heap after GC invocations=15 (full 3):
 PSYoungGen      total 195072K, used 11551K [0x00000000e0000000, 0x00000000ed900000, 0x0000000100000000)
  eden space 183296K, 0% used [0x00000000e0000000,0x00000000e0000000,0x00000000eb300000)
  from space 11776K, 98% used [0x00000000ecd80000,0x00000000ed8c7fe0,0x00000000ed900000)
  to   space 18944K, 0% used [0x00000000eb400000,0x00000000eb400000,0x00000000ec680000)
 ParOldGen       total 135168K, used 37187K [0x00000000a0000000, 0x00000000a8400000, 0x00000000e0000000)
  object space 135168K, 27% used [0x00000000a0000000,0x00000000a2450ef8,0x00000000a8400000)
 Metaspace       used 62251K, capacity 64488K, committed 64768K, reserved 1105920K
  class space    used 8646K, capacity 9117K, committed 9216K, reserved 1048576K
}
Event: 32.765 GC heap before
{Heap before GC invocations=16 (full 3):
 PSYoungGen      total 195072K, used 194847K [0x00000000e0000000, 0x00000000ed900000, 0x0000000100000000)
  eden space 183296K, 100% used [0x00000000e0000000,0x00000000eb300000,0x00000000eb300000)
  from space 11776K, 98% used [0x00000000ecd80000,0x00000000ed8c7fe0,0x00000000ed900000)
  to   space 18944K, 0% used [0x00000000eb400000,0x00000000eb400000,0x00000000ec680000)
 ParOldGen       total 135168K, used 37187K [0x00000000a0000000, 0x00000000a8400000, 0x00000000e0000000)
  object space 135168K, 27% used [0x00000000a0000000,0x00000000a2450ef8,0x00000000a8400000)
 Metaspace       used 69680K, capacity 72294K, committed 72448K, reserved 1112064K
  class space    used 9645K, capacity 10176K, committed 10240K, reserved 1048576K
Event: 32.798 GC heap after
Heap after GC invocations=16 (full 3):
 PSYoungGen      total 203264K, used 18943K [0x00000000e0000000, 0x00000000ef600000, 0x0000000100000000)
  eden space 184320K, 0% used [0x00000000e0000000,0x00000000e0000000,0x00000000eb400000)
  from space 18944K, 99% used [0x00000000eb400000,0x00000000ec67fc50,0x00000000ec680000)
  to   space 22528K, 0% used [0x00000000ee000000,0x00000000ee000000,0x00000000ef600000)
 ParOldGen       total 135168K, used 40541K [0x00000000a0000000, 0x00000000a8400000, 0x00000000e0000000)
  object space 135168K, 29% used [0x00000000a0000000,0x00000000a2797510,0x00000000a8400000)
 Metaspace       used 69680K, capacity 72294K, committed 72448K, reserved 1112064K
  class space    used 9645K, capacity 10176K, committed 10240K, reserved 1048576K
}

