# JRE version: Java(TM) SE Runtime Environment (8.0_131-b11) (build 1.8.0_131-b11)
# Java VM: Java HotSpot(TM) 64-Bit Server VM (25.131-b11 mixed mode windows-amd64 compressed oops)
Heap:
 PSYoungGen      total 180736K, used 157254K [0x00000000e0000000, 0x00000000ecf00000, 0x0000000100000000)
  eden space 158720K, 85% used [0x00000000e0000000,0x00000000e848d398,0x00000000e9b00000)
  from space 22016K, 97% used [0x00000000eb380000,0x00000000ec884620,0x00000000ec900000)
  to   space 25088K, 0% used [0x00000000e9b00000,0x00000000e9b00000,0x00000000eb380000)
 ParOldGen       total 129024K, used 39943K [0x00000000a0000000, 0x00000000a7e00000, 0x00000000e0000000)
  object space 129024K, 30% used [0x00000000a0000000,0x00000000a2701cf0,0x00000000a7e00000)
 Metaspace       used 67781K, capacity 70234K, committed 70400K, reserved 1110016K
  class space    used 9390K, capacity 9900K, committed 9984K, reserved 1048576K
GC Heap History (10 events):
Event: 24.090 GC heap before
{Heap before GC invocations=17 (full 3):
 PSYoungGen      total 123392K, used 110080K [0x00000000e0000000, 0x00000000ea300000, 0x0000000100000000)
  eden space 110080K, 100% used [0x00000000e0000000,0x00000000e6b80000,0x00000000e6b80000)
  from space 13312K, 0% used [0x00000000e6b80000,0x00000000e6b80000,0x00000000e7880000)
  to   space 14336K, 0% used [0x00000000e9500000,0x00000000e9500000,0x00000000ea300000)
 ParOldGen       total 129024K, used 32272K [0x00000000a0000000, 0x00000000a7e00000, 0x00000000e0000000)
  object space 129024K, 25% used [0x00000000a0000000,0x00000000a1f841e0,0x00000000a7e00000)
 Metaspace       used 59748K, capacity 61880K, committed 62080K, reserved 1101824K
  class space    used 8319K, capacity 8763K, committed 8832K, reserved 1048576K
Event: 24.107 GC heap after
Heap after GC invocations=17 (full 3):
 PSYoungGen      total 135680K, used 8684K [0x00000000e0000000, 0x00000000e9d80000, 0x0000000100000000)
  eden space 126976K, 0% used [0x00000000e0000000,0x00000000e0000000,0x00000000e7c00000)
  from space 8704K, 99% used [0x00000000e9500000,0x00000000e9d7b3f0,0x00000000e9d80000)
  to   space 13824K, 0% used [0x00000000e8280000,0x00000000e8280000,0x00000000e9000000)
 ParOldGen       total 129024K, used 32280K [0x00000000a0000000, 0x00000000a7e00000, 0x00000000e0000000)
  object space 129024K, 25% used [0x00000000a0000000,0x00000000a1f861e0,0x00000000a7e00000)
 Metaspace       used 59748K, capacity 61880K, committed 62080K, reserved 1101824K
  class space    used 8319K, capacity 8763K, committed 8832K, reserved 1048576K
}
Event: 27.007 GC heap before
{Heap before GC invocations=18 (full 3):
 PSYoungGen      total 135680K, used 135660K [0x00000000e0000000, 0x00000000e9d80000, 0x0000000100000000)
  eden space 126976K, 100% used [0x00000000e0000000,0x00000000e7c00000,0x00000000e7c00000)
  from space 8704K, 99% used [0x00000000e9500000,0x00000000e9d7b3f0,0x00000000e9d80000)
  to   space 13824K, 0% used [0x00000000e8280000,0x00000000e8280000,0x00000000e9000000)
 ParOldGen       total 129024K, used 32280K [0x00000000a0000000, 0x00000000a7e00000, 0x00000000e0000000)
  object space 129024K, 25% used [0x00000000a0000000,0x00000000a1f861e0,0x00000000a7e00000)
 Metaspace       used 66865K, capacity 69264K, committed 69504K, reserved 1110016K
  class space    used 9316K, capacity 9817K, committed 9856K, reserved 1048576K
Event: 27.040 GC heap after
Heap after GC invocations=18 (full 3):
 PSYoungGen      total 147456K, used 13819K [0x00000000e0000000, 0x00000000eb300000, 0x0000000100000000)
  eden space 133632K, 0% used [0x00000000e0000000,0x00000000e0000000,0x00000000e8280000)
  from space 13824K, 99% used [0x00000000e8280000,0x00000000e8ffec30,0x00000000e9000000)
  to   space 18432K, 0% used [0x00000000ea100000,0x00000000ea100000,0x00000000eb300000)
 ParOldGen       total 129024K, used 39919K [0x00000000a0000000, 0x00000000a7e00000, 0x00000000e0000000)
  object space 129024K, 30% used [0x00000000a0000000,0x00000000a26fbcf0,0x00000000a7e00000)
 Metaspace       used 66865K, capacity 69264K, committed 69504K, reserved 1110016K
  class space    used 9316K, capacity 9817K, committed 9856K, reserved 1048576K
}
Event: 29.446 GC heap before
{Heap before GC invocations=19 (full 3):
 PSYoungGen      total 147456K, used 147451K [0x00000000e0000000, 0x00000000eb300000, 0x0000000100000000)
  eden space 133632K, 100% used [0x00000000e0000000,0x00000000e8280000,0x00000000e8280000)
  from space 13824K, 99% used [0x00000000e8280000,0x00000000e8ffec30,0x00000000e9000000)
  to   space 18432K, 0% used [0x00000000ea100000,0x00000000ea100000,0x00000000eb300000)
 ParOldGen       total 129024K, used 39919K [0x00000000a0000000, 0x00000000a7e00000, 0x00000000e0000000)
  object space 129024K, 30% used [0x00000000a0000000,0x00000000a26fbcf0,0x00000000a7e00000)
 Metaspace       used 67474K, capacity 69896K, committed 70144K, reserved 1110016K
  class space    used 9357K, capacity 9863K, committed 9984K, reserved 1048576K
Event: 29.493 GC heap after
Heap after GC invocations=19 (full 3):
 PSYoungGen      total 163328K, used 16111K [0x00000000e0000000, 0x00000000ec000000, 0x0000000100000000)
  eden space 144896K, 0% used [0x00000000e0000000,0x00000000e0000000,0x00000000e8d80000)
  from space 18432K, 87% used [0x00000000ea100000,0x00000000eb0bbe40,0x00000000eb300000)
  to   space 19968K, 0% used [0x00000000e8d80000,0x00000000e8d80000,0x00000000ea100000)
 ParOldGen       total 129024K, used 39927K [0x00000000a0000000, 0x00000000a7e00000, 0x00000000e0000000)
  object space 129024K, 30% used [0x00000000a0000000,0x00000000a26fdcf0,0x00000000a7e00000)
 Metaspace       used 67474K, capacity 69896K, committed 70144K, reserved 1110016K
  class space    used 9357K, capacity 9863K, committed 9984K, reserved 1048576K
}
Event: 31.942 GC heap before
{Heap before GC invocations=20 (full 3):
 PSYoungGen      total 163328K, used 161007K [0x00000000e0000000, 0x00000000ec000000, 0x0000000100000000)
  eden space 144896K, 100% used [0x00000000e0000000,0x00000000e8d80000,0x00000000e8d80000)
  from space 18432K, 87% used [0x00000000ea100000,0x00000000eb0bbe40,0x00000000eb300000)
  to   space 19968K, 0% used [0x00000000e8d80000,0x00000000e8d80000,0x00000000ea100000)
 ParOldGen       total 129024K, used 39927K [0x00000000a0000000, 0x00000000a7e00000, 0x00000000e0000000)
  object space 129024K, 30% used [0x00000000a0000000,0x00000000a26fdcf0,0x00000000a7e00000)
 Metaspace       used 67698K, capacity 70158K, committed 70400K, reserved 1110016K
  class space    used 9388K, capacity 9900K, committed 9984K, reserved 1048576K
Event: 31.974 GC heap after
Heap after GC invocations=20 (full 3):
 PSYoungGen      total 164864K, used 18921K [0x00000000e0000000, 0x00000000ec900000, 0x0000000100000000)
  eden space 144896K, 0% used [0x00000000e0000000,0x00000000e0000000,0x00000000e8d80000)
  from space 19968K, 94% used [0x00000000e8d80000,0x00000000e9ffa658,0x00000000ea100000)
  to   space 22016K, 0% used [0x00000000eb380000,0x00000000eb380000,0x00000000ec900000)
 ParOldGen       total 129024K, used 39935K [0x00000000a0000000, 0x00000000a7e00000, 0x00000000e0000000)
  object space 129024K, 30% used [0x00000000a0000000,0x00000000a26ffcf0,0x00000000a7e00000)
 Metaspace       used 67698K, capacity 70158K, committed 70400K, reserved 1110016K
  class space    used 9388K, capacity 9900K, committed 9984K, reserved 1048576K
}
Event: 34.113 GC heap before
{Heap before GC invocations=21 (full 3):
 PSYoungGen      total 164864K, used 163817K [0x00000000e0000000, 0x00000000ec900000, 0x0000000100000000)
  eden space 144896K, 100% used [0x00000000e0000000,0x00000000e8d80000,0x00000000e8d80000)
  from space 19968K, 94% used [0x00000000e8d80000,0x00000000e9ffa658,0x00000000ea100000)
  to   space 22016K, 0% used [0x00000000eb380000,0x00000000eb380000,0x00000000ec900000)
 ParOldGen       total 129024K, used 39935K [0x00000000a0000000, 0x00000000a7e00000, 0x00000000e0000000)
  object space 129024K, 30% used [0x00000000a0000000,0x00000000a26ffcf0,0x00000000a7e00000)
 Metaspace       used 67747K, capacity 70226K, committed 70400K, reserved 1110016K
  class space    used 9390K, capacity 9900K, committed 9984K, reserved 1048576K
Event: 34.143 GC heap after
Heap after GC invocations=21 (full 3):
 PSYoungGen      total 180736K, used 21521K [0x00000000e0000000, 0x00000000ecf00000, 0x0000000100000000)
  eden space 158720K, 0% used [0x00000000e0000000,0x00000000e0000000,0x00000000e9b00000)
  from space 22016K, 97% used [0x00000000eb380000,0x00000000ec884620,0x00000000ec900000)
  to   space 25088K, 0% used [0x00000000e9b00000,0x00000000e9b00000,0x00000000eb380000)
 ParOldGen       total 129024K, used 39943K [0x00000000a0000000, 0x00000000a7e00000, 0x00000000e0000000)
  object space 129024K, 30% used [0x00000000a0000000,0x00000000a2701cf0,0x00000000a7e00000)
 Metaspace       used 67747K, capacity 70226K, committed 70400K, reserved 1110016K
  class space    used 9390K, capacity 9900K, committed 9984K, reserved 1048576K
}

