# JRE version: Java(TM) SE Runtime Environment (8.0_131-b11) (build 1.8.0_131-b11)
# Java VM: Java HotSpot(TM) 64-Bit Server VM (25.131-b11 mixed mode windows-amd64 compressed oops)
Heap:
 PSYoungGen      total 268288K, used 214117K [0x00000000e0000000, 0x00000000f3280000, 0x0000000100000000)
  eden space 249344K, 81% used [0x00000000e0000000,0x00000000ec5d3de0,0x00000000ef380000)
  from space 18944K, 60% used [0x00000000f2000000,0x00000000f2b45680,0x00000000f3280000)
  to   space 15360K, 0% used [0x00000000ef380000,0x00000000ef380000,0x00000000f0280000)
 ParOldGen       total 115712K, used 48921K [0x00000000a0000000, 0x00000000a7100000, 0x00000000e0000000)
  object space 115712K, 42% used [0x00000000a0000000,0x00000000a2fc67c8,0x00000000a7100000)
 Metaspace       used 78791K, capacity 82168K, committed 82304K, reserved 1120256K
  class space    used 10661K, capacity 11311K, committed 11392K, reserved 1048576K
GC Heap History (10 events):
Event: 38.319 GC heap before
{Heap before GC invocations=23 (full 3):
 PSYoungGen      total 210432K, used 203167K [0x00000000e0000000, 0x00000000efb80000, 0x0000000100000000)
  eden space 193536K, 100% used [0x00000000e0000000,0x00000000ebd00000,0x00000000ebd00000)
  from space 16896K, 57% used [0x00000000ebd00000,0x00000000ec667fa8,0x00000000ecd80000)
  to   space 16384K, 0% used [0x00000000eeb80000,0x00000000eeb80000,0x00000000efb80000)
 ParOldGen       total 115712K, used 38711K [0x00000000a0000000, 0x00000000a7100000, 0x00000000e0000000)
  object space 115712K, 33% used [0x00000000a0000000,0x00000000a25cdf68,0x00000000a7100000)
 Metaspace       used 71217K, capacity 74242K, committed 74368K, reserved 1114112K
  class space    used 9793K, capacity 10356K, committed 10368K, reserved 1048576K
Event: 38.356 GC heap after
Heap after GC invocations=23 (full 3):
 PSYoungGen      total 238080K, used 10109K [0x00000000e0000000, 0x00000000ef980000, 0x0000000100000000)
  eden space 223744K, 0% used [0x00000000e0000000,0x00000000e0000000,0x00000000eda80000)
  from space 14336K, 70% used [0x00000000eeb80000,0x00000000ef55f700,0x00000000ef980000)
  to   space 15872K, 0% used [0x00000000eda80000,0x00000000eda80000,0x00000000eea00000)
 ParOldGen       total 115712K, used 38719K [0x00000000a0000000, 0x00000000a7100000, 0x00000000e0000000)
  object space 115712K, 33% used [0x00000000a0000000,0x00000000a25cff68,0x00000000a7100000)
 Metaspace       used 71217K, capacity 74242K, committed 74368K, reserved 1114112K
  class space    used 9793K, capacity 10356K, committed 10368K, reserved 1048576K
}
Event: 40.941 GC heap before
{Heap before GC invocations=24 (full 3):
 PSYoungGen      total 238080K, used 233853K [0x00000000e0000000, 0x00000000ef980000, 0x0000000100000000)
  eden space 223744K, 100% used [0x00000000e0000000,0x00000000eda80000,0x00000000eda80000)
  from space 14336K, 70% used [0x00000000eeb80000,0x00000000ef55f700,0x00000000ef980000)
  to   space 15872K, 0% used [0x00000000eda80000,0x00000000eda80000,0x00000000eea00000)
 ParOldGen       total 115712K, used 38719K [0x00000000a0000000, 0x00000000a7100000, 0x00000000e0000000)
  object space 115712K, 33% used [0x00000000a0000000,0x00000000a25cff68,0x00000000a7100000)
 Metaspace       used 71259K, capacity 74332K, committed 74368K, reserved 1114112K
  class space    used 9795K, capacity 10359K, committed 10368K, reserved 1048576K
Event: 40.957 GC heap after
Heap after GC invocations=24 (full 3):
 PSYoungGen      total 239616K, used 10969K [0x00000000e0000000, 0x00000000f1780000, 0x0000000100000000)
  eden space 223744K, 0% used [0x00000000e0000000,0x00000000e0000000,0x00000000eda80000)
  from space 15872K, 69% used [0x00000000eda80000,0x00000000ee536438,0x00000000eea00000)
  to   space 15872K, 0% used [0x00000000f0800000,0x00000000f0800000,0x00000000f1780000)
 ParOldGen       total 115712K, used 38719K [0x00000000a0000000, 0x00000000a7100000, 0x00000000e0000000)
  object space 115712K, 33% used [0x00000000a0000000,0x00000000a25cff68,0x00000000a7100000)
 Metaspace       used 71259K, capacity 74332K, committed 74368K, reserved 1114112K
  class space    used 9795K, capacity 10359K, committed 10368K, reserved 1048576K
}
Event: 51.285 GC heap before
{Heap before GC invocations=25 (full 3):
 PSYoungGen      total 239616K, used 234713K [0x00000000e0000000, 0x00000000f1780000, 0x0000000100000000)
  eden space 223744K, 100% used [0x00000000e0000000,0x00000000eda80000,0x00000000eda80000)
  from space 15872K, 69% used [0x00000000eda80000,0x00000000ee536438,0x00000000eea00000)
  to   space 15872K, 0% used [0x00000000f0800000,0x00000000f0800000,0x00000000f1780000)
 ParOldGen       total 115712K, used 38719K [0x00000000a0000000, 0x00000000a7100000, 0x00000000e0000000)
  object space 115712K, 33% used [0x00000000a0000000,0x00000000a25cff68,0x00000000a7100000)
 Metaspace       used 72361K, capacity 75488K, committed 75520K, reserved 1114112K
  class space    used 9898K, capacity 10483K, committed 10496K, reserved 1048576K
Event: 51.299 GC heap after
Heap after GC invocations=25 (full 3):
 PSYoungGen      total 259072K, used 8912K [0x00000000e0000000, 0x00000000f1180000, 0x0000000100000000)
  eden space 249344K, 0% used [0x00000000e0000000,0x00000000e0000000,0x00000000ef380000)
  from space 9728K, 91% used [0x00000000f0800000,0x00000000f10b4270,0x00000000f1180000)
  to   space 15360K, 0% used [0x00000000ef380000,0x00000000ef380000,0x00000000f0280000)
 ParOldGen       total 115712K, used 38727K [0x00000000a0000000, 0x00000000a7100000, 0x00000000e0000000)
  object space 115712K, 33% used [0x00000000a0000000,0x00000000a25d1f68,0x00000000a7100000)
 Metaspace       used 72361K, capacity 75488K, committed 75520K, reserved 1114112K
  class space    used 9898K, capacity 10483K, committed 10496K, reserved 1048576K
}
Event: 59.497 GC heap before
{Heap before GC invocations=26 (full 3):
 PSYoungGen      total 259072K, used 258256K [0x00000000e0000000, 0x00000000f1180000, 0x0000000100000000)
  eden space 249344K, 100% used [0x00000000e0000000,0x00000000ef380000,0x00000000ef380000)
  from space 9728K, 91% used [0x00000000f0800000,0x00000000f10b4270,0x00000000f1180000)
  to   space 15360K, 0% used [0x00000000ef380000,0x00000000ef380000,0x00000000f0280000)
 ParOldGen       total 115712K, used 39721K [0x00000000a0000000, 0x00000000a7100000, 0x00000000e0000000)
  object space 115712K, 34% used [0x00000000a0000000,0x00000000a26ca740,0x00000000a7100000)
 Metaspace       used 78529K, capacity 81752K, committed 81920K, reserved 1120256K
  class space    used 10616K, capacity 11225K, committed 11264K, reserved 1048576K
Event: 59.570 GC heap after
Heap after GC invocations=26 (full 3):
 PSYoungGen      total 264704K, used 15356K [0x00000000e0000000, 0x00000000f3280000, 0x0000000100000000)
  eden space 249344K, 0% used [0x00000000e0000000,0x00000000e0000000,0x00000000ef380000)
  from space 15360K, 99% used [0x00000000ef380000,0x00000000f027f240,0x00000000f0280000)
  to   space 18944K, 0% used [0x00000000f2000000,0x00000000f2000000,0x00000000f3280000)
 ParOldGen       total 115712K, used 45066K [0x00000000a0000000, 0x00000000a7100000, 0x00000000e0000000)
  object space 115712K, 38% used [0x00000000a0000000,0x00000000a2c02800,0x00000000a7100000)
 Metaspace       used 78529K, capacity 81752K, committed 81920K, reserved 1120256K
  class space    used 10616K, capacity 11225K, committed 11264K, reserved 1048576K
}
Event: 59.571 GC heap before
{Heap before GC invocations=27 (full 3):
 PSYoungGen      total 264704K, used 17799K [0x00000000e0000000, 0x00000000f3280000, 0x0000000100000000)
  eden space 249344K, 0% used [0x00000000e0000000,0x00000000e0262af0,0x00000000ef380000)
  from space 15360K, 99% used [0x00000000ef380000,0x00000000f027f240,0x00000000f0280000)
  to   space 18944K, 0% used [0x00000000f2000000,0x00000000f2000000,0x00000000f3280000)
 ParOldGen       total 115712K, used 45066K [0x00000000a0000000, 0x00000000a7100000, 0x00000000e0000000)
  object space 115712K, 38% used [0x00000000a0000000,0x00000000a2c02800,0x00000000a7100000)
 Metaspace       used 78529K, capacity 81752K, committed 81920K, reserved 1120256K
  class space    used 10616K, capacity 11225K, committed 11264K, reserved 1048576K
Event: 59.592 GC heap after
Heap after GC invocations=27 (full 3):
 PSYoungGen      total 268288K, used 11541K [0x00000000e0000000, 0x00000000f3280000, 0x0000000100000000)
  eden space 249344K, 0% used [0x00000000e0000000,0x00000000e0000000,0x00000000ef380000)
  from space 18944K, 60% used [0x00000000f2000000,0x00000000f2b45680,0x00000000f3280000)
  to   space 15360K, 0% used [0x00000000ef380000,0x00000000ef380000,0x00000000f0280000)
 ParOldGen       total 115712K, used 48921K [0x00000000a0000000, 0x00000000a7100000, 0x00000000e0000000)
  object space 115712K, 42% used [0x00000000a0000000,0x00000000a2fc67c8,0x00000000a7100000)
 Metaspace       used 78529K, capacity 81752K, committed 81920K, reserved 1120256K
  class space    used 10616K, capacity 11225K, committed 11264K, reserved 1048576K
}

