# JRE version: Java(TM) SE Runtime Environment (8.0_131-b11) (build 1.8.0_131-b11)
# Java VM: Java HotSpot(TM) 64-Bit Server VM (25.131-b11 mixed mode windows-amd64 compressed oops)
Heap:
 PSYoungGen      total 470528K, used 365131K [0x00000000e0000000, 0x0000000100000000, 0x0000000100000000)
  eden space 420864K, 83% used [0x00000000e0000000,0x00000000f56697b0,0x00000000f9b00000)
  from space 49664K, 29% used [0x00000000f9b00000,0x00000000fa9296d8,0x00000000fcb80000)
  to   space 48128K, 0% used [0x00000000fd100000,0x00000000fd100000,0x0000000100000000)
 ParOldGen       total 168960K, used 56087K [0x00000000a0000000, 0x00000000aa500000, 0x00000000e0000000)
  object space 168960K, 33% used [0x00000000a0000000,0x00000000a36c5fa0,0x00000000aa500000)
 Metaspace       used 113784K, capacity 118575K, committed 119296K, reserved 1153024K
  class space    used 14801K, capacity 15703K, committed 15872K, reserved 1048576K
GC Heap History (10 events):
Event: 6473.217 GC heap before
{Heap before GC invocations=29 (full 4):
 PSYoungGen      total 364544K, used 357985K [0x00000000e0000000, 0x00000000fa000000, 0x0000000100000000)
  eden space 325120K, 100% used [0x00000000e0000000,0x00000000f3d80000,0x00000000f3d80000)
  from space 39424K, 83% used [0x00000000f6700000,0x00000000f87185b0,0x00000000f8d80000)
  to   space 42496K, 0% used [0x00000000f3d80000,0x00000000f3d80000,0x00000000f6700000)
 ParOldGen       total 168960K, used 34513K [0x00000000a0000000, 0x00000000aa500000, 0x00000000e0000000)
  object space 168960K, 20% used [0x00000000a0000000,0x00000000a21b4728,0x00000000aa500000)
 Metaspace       used 112578K, capacity 117111K, committed 118144K, reserved 1150976K
  class space    used 14626K, capacity 15511K, committed 15744K, reserved 1048576K
Event: 6473.327 GC heap after
Heap after GC invocations=29 (full 4):
 PSYoungGen      total 367616K, used 40154K [0x00000000e0000000, 0x00000000fd600000, 0x0000000100000000)
  eden space 325120K, 0% used [0x00000000e0000000,0x00000000e0000000,0x00000000f3d80000)
  from space 42496K, 94% used [0x00000000f3d80000,0x00000000f64b6b68,0x00000000f6700000)
  to   space 47616K, 0% used [0x00000000fa780000,0x00000000fa780000,0x00000000fd600000)
 ParOldGen       total 168960K, used 34521K [0x00000000a0000000, 0x00000000aa500000, 0x00000000e0000000)
  object space 168960K, 20% used [0x00000000a0000000,0x00000000a21b6728,0x00000000aa500000)
 Metaspace       used 112578K, capacity 117111K, committed 118144K, reserved 1150976K
  class space    used 14626K, capacity 15511K, committed 15744K, reserved 1048576K
}
Event: 6474.474 GC heap before
{Heap before GC invocations=30 (full 4):
 PSYoungGen      total 367616K, used 365274K [0x00000000e0000000, 0x00000000fd600000, 0x0000000100000000)
  eden space 325120K, 100% used [0x00000000e0000000,0x00000000f3d80000,0x00000000f3d80000)
  from space 42496K, 94% used [0x00000000f3d80000,0x00000000f64b6b68,0x00000000f6700000)
  to   space 47616K, 0% used [0x00000000fa780000,0x00000000fa780000,0x00000000fd600000)
 ParOldGen       total 168960K, used 34521K [0x00000000a0000000, 0x00000000aa500000, 0x00000000e0000000)
  object space 168960K, 20% used [0x00000000a0000000,0x00000000a21b6728,0x00000000aa500000)
 Metaspace       used 112863K, capacity 117517K, committed 118400K, reserved 1153024K
  class space    used 14670K, capacity 15544K, committed 15744K, reserved 1048576K
Event: 6474.532 GC heap after
Heap after GC invocations=30 (full 4):
 PSYoungGen      total 428544K, used 43363K [0x00000000e0000000, 0x00000000fe000000, 0x0000000100000000)
  eden space 380928K, 0% used [0x00000000e0000000,0x00000000e0000000,0x00000000f7400000)
  from space 47616K, 91% used [0x00000000fa780000,0x00000000fd1d8d10,0x00000000fd600000)
  to   space 52736K, 0% used [0x00000000f7400000,0x00000000f7400000,0x00000000fa780000)
 ParOldGen       total 168960K, used 34529K [0x00000000a0000000, 0x00000000aa500000, 0x00000000e0000000)
  object space 168960K, 20% used [0x00000000a0000000,0x00000000a21b8728,0x00000000aa500000)
 Metaspace       used 112863K, capacity 117517K, committed 118400K, reserved 1153024K
  class space    used 14670K, capacity 15544K, committed 15744K, reserved 1048576K
}
Event: 6476.352 GC heap before
{Heap before GC invocations=31 (full 4):
 PSYoungGen      total 428544K, used 424291K [0x00000000e0000000, 0x00000000fe000000, 0x0000000100000000)
  eden space 380928K, 100% used [0x00000000e0000000,0x00000000f7400000,0x00000000f7400000)
  from space 47616K, 91% used [0x00000000fa780000,0x00000000fd1d8d10,0x00000000fd600000)
  to   space 52736K, 0% used [0x00000000f7400000,0x00000000f7400000,0x00000000fa780000)
 ParOldGen       total 168960K, used 34529K [0x00000000a0000000, 0x00000000aa500000, 0x00000000e0000000)
  object space 168960K, 20% used [0x00000000a0000000,0x00000000a21b8728,0x00000000aa500000)
 Metaspace       used 113023K, capacity 117655K, committed 118656K, reserved 1153024K
  class space    used 14681K, capacity 15545K, committed 15744K, reserved 1048576K
Event: 6476.397 GC heap after
Heap after GC invocations=31 (full 4):
 PSYoungGen      total 433664K, used 20536K [0x00000000e0000000, 0x0000000100000000, 0x0000000100000000)
  eden space 380928K, 0% used [0x00000000e0000000,0x00000000e0000000,0x00000000f7400000)
  from space 52736K, 38% used [0x00000000f7400000,0x00000000f880e2a8,0x00000000fa780000)
  to   space 50688K, 0% used [0x00000000fce80000,0x00000000fce80000,0x0000000100000000)
 ParOldGen       total 168960K, used 47218K [0x00000000a0000000, 0x00000000aa500000, 0x00000000e0000000)
  object space 168960K, 27% used [0x00000000a0000000,0x00000000a2e1c8f8,0x00000000aa500000)
 Metaspace       used 113023K, capacity 117655K, committed 118656K, reserved 1153024K
  class space    used 14681K, capacity 15545K, committed 15744K, reserved 1048576K
}
Event: 6478.673 GC heap before
{Heap before GC invocations=32 (full 4):
 PSYoungGen      total 433664K, used 401464K [0x00000000e0000000, 0x0000000100000000, 0x0000000100000000)
  eden space 380928K, 100% used [0x00000000e0000000,0x00000000f7400000,0x00000000f7400000)
  from space 52736K, 38% used [0x00000000f7400000,0x00000000f880e2a8,0x00000000fa780000)
  to   space 50688K, 0% used [0x00000000fce80000,0x00000000fce80000,0x0000000100000000)
 ParOldGen       total 168960K, used 47218K [0x00000000a0000000, 0x00000000aa500000, 0x00000000e0000000)
  object space 168960K, 27% used [0x00000000a0000000,0x00000000a2e1c8f8,0x00000000aa500000)
 Metaspace       used 113278K, capacity 117903K, committed 118656K, reserved 1153024K
  class space    used 14729K, capacity 15597K, committed 15744K, reserved 1048576K
Event: 6478.704 GC heap after
Heap after GC invocations=32 (full 4):
 PSYoungGen      total 467456K, used 16110K [0x00000000e0000000, 0x00000000ffc00000, 0x0000000100000000)
  eden space 420864K, 0% used [0x00000000e0000000,0x00000000e0000000,0x00000000f9b00000)
  from space 46592K, 34% used [0x00000000fce80000,0x00000000fde3b870,0x00000000ffc00000)
  to   space 49664K, 0% used [0x00000000f9b00000,0x00000000f9b00000,0x00000000fcb80000)
 ParOldGen       total 168960K, used 51384K [0x00000000a0000000, 0x00000000aa500000, 0x00000000e0000000)
  object space 168960K, 30% used [0x00000000a0000000,0x00000000a322e368,0x00000000aa500000)
 Metaspace       used 113278K, capacity 117903K, committed 118656K, reserved 1153024K
  class space    used 14729K, capacity 15597K, committed 15744K, reserved 1048576K
}
Event: 6481.819 GC heap before
{Heap before GC invocations=33 (full 4):
 PSYoungGen      total 467456K, used 436974K [0x00000000e0000000, 0x00000000ffc00000, 0x0000000100000000)
  eden space 420864K, 100% used [0x00000000e0000000,0x00000000f9b00000,0x00000000f9b00000)
  from space 46592K, 34% used [0x00000000fce80000,0x00000000fde3b870,0x00000000ffc00000)
  to   space 49664K, 0% used [0x00000000f9b00000,0x00000000f9b00000,0x00000000fcb80000)
 ParOldGen       total 168960K, used 51384K [0x00000000a0000000, 0x00000000aa500000, 0x00000000e0000000)
  object space 168960K, 30% used [0x00000000a0000000,0x00000000a322e368,0x00000000aa500000)
 Metaspace       used 113490K, capacity 118131K, committed 119040K, reserved 1153024K
  class space    used 14754K, capacity 15641K, committed 15872K, reserved 1048576K
Event: 6481.861 GC heap after
Heap after GC invocations=33 (full 4):
 PSYoungGen      total 470528K, used 14501K [0x00000000e0000000, 0x0000000100000000, 0x0000000100000000)
  eden space 420864K, 0% used [0x00000000e0000000,0x00000000e0000000,0x00000000f9b00000)
  from space 49664K, 29% used [0x00000000f9b00000,0x00000000fa9296d8,0x00000000fcb80000)
  to   space 48128K, 0% used [0x00000000fd100000,0x00000000fd100000,0x0000000100000000)
 ParOldGen       total 168960K, used 56087K [0x00000000a0000000, 0x00000000aa500000, 0x00000000e0000000)
  object space 168960K, 33% used [0x00000000a0000000,0x00000000a36c5fa0,0x00000000aa500000)
 Metaspace       used 113490K, capacity 118131K, committed 119040K, reserved 1153024K
  class space    used 14754K, capacity 15641K, committed 15872K, reserved 1048576K
}

