# JRE version: Java(TM) SE Runtime Environment (8.0_131-b11) (build 1.8.0_131-b11)
# Java VM: Java HotSpot(TM) 64-Bit Server VM (25.131-b11 mixed mode windows-amd64 compressed oops)
Heap:
 PSYoungGen      total 321024K, used 185096K [0x00000000e0000000, 0x00000000f8280000, 0x0000000100000000)
  eden space 286720K, 56% used [0x00000000e0000000,0x00000000e9d0d6f8,0x00000000f1800000)
  from space 34304K, 70% used [0x00000000f1800000,0x00000000f2fb4bc8,0x00000000f3980000)
  to   space 35840K, 0% used [0x00000000f5f80000,0x00000000f5f80000,0x00000000f8280000)
 ParOldGen       total 200704K, used 82949K [0x00000000a0000000, 0x00000000ac400000, 0x00000000e0000000)
  object space 200704K, 41% used [0x00000000a0000000,0x00000000a5101698,0x00000000ac400000)
 Metaspace       used 101442K, capacity 105768K, committed 106112K, reserved 1140736K
  class space    used 13214K, capacity 14108K, committed 14208K, reserved 1048576K
GC Heap History (10 events):
Event: 310.029 GC heap before
{Heap before GC invocations=29 (full 4):
 PSYoungGen      total 254464K, used 221680K [0x00000000e0000000, 0x00000000f1d80000, 0x0000000100000000)
  eden space 217600K, 100% used [0x00000000e0000000,0x00000000ed480000,0x00000000ed480000)
  from space 36864K, 11% used [0x00000000ef880000,0x00000000efc7c020,0x00000000f1c80000)
  to   space 36864K, 0% used [0x00000000ed480000,0x00000000ed480000,0x00000000ef880000)
 ParOldGen       total 200704K, used 75793K [0x00000000a0000000, 0x00000000ac400000, 0x00000000e0000000)
  object space 200704K, 37% used [0x00000000a0000000,0x00000000a4a04608,0x00000000ac400000)
 Metaspace       used 92946K, capacity 97106K, committed 97920K, reserved 1134592K
  class space    used 12314K, capacity 13205K, committed 13440K, reserved 1048576K
Event: 310.040 GC heap after
Heap after GC invocations=29 (full 4):
 PSYoungGen      total 254464K, used 8592K [0x00000000e0000000, 0x00000000f3900000, 0x0000000100000000)
  eden space 217600K, 0% used [0x00000000e0000000,0x00000000e0000000,0x00000000ed480000)
  from space 36864K, 23% used [0x00000000ed480000,0x00000000edce4040,0x00000000ef880000)
  to   space 35840K, 0% used [0x00000000f1600000,0x00000000f1600000,0x00000000f3900000)
 ParOldGen       total 200704K, used 75793K [0x00000000a0000000, 0x00000000ac400000, 0x00000000e0000000)
  object space 200704K, 37% used [0x00000000a0000000,0x00000000a4a04608,0x00000000ac400000)
 Metaspace       used 92946K, capacity 97106K, committed 97920K, reserved 1134592K
  class space    used 12314K, capacity 13205K, committed 13440K, reserved 1048576K
}
Event: 310.737 GC heap before
{Heap before GC invocations=30 (full 4):
 PSYoungGen      total 254464K, used 226192K [0x00000000e0000000, 0x00000000f3900000, 0x0000000100000000)
  eden space 217600K, 100% used [0x00000000e0000000,0x00000000ed480000,0x00000000ed480000)
  from space 36864K, 23% used [0x00000000ed480000,0x00000000edce4040,0x00000000ef880000)
  to   space 35840K, 0% used [0x00000000f1600000,0x00000000f1600000,0x00000000f3900000)
 ParOldGen       total 200704K, used 75793K [0x00000000a0000000, 0x00000000ac400000, 0x00000000e0000000)
  object space 200704K, 37% used [0x00000000a0000000,0x00000000a4a04608,0x00000000ac400000)
 Metaspace       used 93552K, capacity 97708K, committed 98432K, reserved 1134592K
  class space    used 12393K, capacity 13280K, committed 13440K, reserved 1048576K
Event: 310.755 GC heap after
Heap after GC invocations=30 (full 4):
 PSYoungGen      total 283648K, used 16193K [0x00000000e0000000, 0x00000000f3700000, 0x0000000100000000)
  eden space 249856K, 0% used [0x00000000e0000000,0x00000000e0000000,0x00000000ef400000)
  from space 33792K, 47% used [0x00000000f1600000,0x00000000f25d07c0,0x00000000f3700000)
  to   space 34304K, 0% used [0x00000000ef400000,0x00000000ef400000,0x00000000f1580000)
 ParOldGen       total 200704K, used 75801K [0x00000000a0000000, 0x00000000ac400000, 0x00000000e0000000)
  object space 200704K, 37% used [0x00000000a0000000,0x00000000a4a06608,0x00000000ac400000)
 Metaspace       used 93552K, capacity 97708K, committed 98432K, reserved 1134592K
  class space    used 12393K, capacity 13280K, committed 13440K, reserved 1048576K
}
Event: 311.622 GC heap before
{Heap before GC invocations=31 (full 4):
 PSYoungGen      total 283648K, used 266049K [0x00000000e0000000, 0x00000000f3700000, 0x0000000100000000)
  eden space 249856K, 100% used [0x00000000e0000000,0x00000000ef400000,0x00000000ef400000)
  from space 33792K, 47% used [0x00000000f1600000,0x00000000f25d07c0,0x00000000f3700000)
  to   space 34304K, 0% used [0x00000000ef400000,0x00000000ef400000,0x00000000f1580000)
 ParOldGen       total 200704K, used 75801K [0x00000000a0000000, 0x00000000ac400000, 0x00000000e0000000)
  object space 200704K, 37% used [0x00000000a0000000,0x00000000a4a06608,0x00000000ac400000)
 Metaspace       used 93936K, capacity 98050K, committed 98688K, reserved 1134592K
  class space    used 12416K, capacity 13283K, committed 13440K, reserved 1048576K
Event: 311.644 GC heap after
Heap after GC invocations=31 (full 4):
 PSYoungGen      total 284160K, used 22341K [0x00000000e0000000, 0x00000000f5e00000, 0x0000000100000000)
  eden space 249856K, 0% used [0x00000000e0000000,0x00000000e0000000,0x00000000ef400000)
  from space 34304K, 65% used [0x00000000ef400000,0x00000000f09d1460,0x00000000f1580000)
  to   space 35328K, 0% used [0x00000000f3b80000,0x00000000f3b80000,0x00000000f5e00000)
 ParOldGen       total 200704K, used 75809K [0x00000000a0000000, 0x00000000ac400000, 0x00000000e0000000)
  object space 200704K, 37% used [0x00000000a0000000,0x00000000a4a08608,0x00000000ac400000)
 Metaspace       used 93936K, capacity 98050K, committed 98688K, reserved 1134592K
  class space    used 12416K, capacity 13283K, committed 13440K, reserved 1048576K
}
Event: 314.042 GC heap before
{Heap before GC invocations=32 (full 4):
 PSYoungGen      total 284160K, used 272197K [0x00000000e0000000, 0x00000000f5e00000, 0x0000000100000000)
  eden space 249856K, 100% used [0x00000000e0000000,0x00000000ef400000,0x00000000ef400000)
  from space 34304K, 65% used [0x00000000ef400000,0x00000000f09d1460,0x00000000f1580000)
  to   space 35328K, 0% used [0x00000000f3b80000,0x00000000f3b80000,0x00000000f5e00000)
 ParOldGen       total 200704K, used 75809K [0x00000000a0000000, 0x00000000ac400000, 0x00000000e0000000)
  object space 200704K, 37% used [0x00000000a0000000,0x00000000a4a08608,0x00000000ac400000)
 Metaspace       used 95239K, capacity 99424K, committed 100096K, reserved 1136640K
  class space    used 12543K, capacity 13430K, committed 13568K, reserved 1048576K
Event: 314.086 GC heap after
Heap after GC invocations=32 (full 4):
 PSYoungGen      total 318976K, used 17489K [0x00000000e0000000, 0x00000000f5b00000, 0x0000000100000000)
  eden space 286720K, 0% used [0x00000000e0000000,0x00000000e0000000,0x00000000f1800000)
  from space 32256K, 54% used [0x00000000f3b80000,0x00000000f4c94760,0x00000000f5b00000)
  to   space 34304K, 0% used [0x00000000f1800000,0x00000000f1800000,0x00000000f3980000)
 ParOldGen       total 200704K, used 79169K [0x00000000a0000000, 0x00000000ac400000, 0x00000000e0000000)
  object space 200704K, 39% used [0x00000000a0000000,0x00000000a4d50668,0x00000000ac400000)
 Metaspace       used 95239K, capacity 99424K, committed 100096K, reserved 1136640K
  class space    used 12543K, capacity 13430K, committed 13568K, reserved 1048576K
}
Event: 324.919 GC heap before
{Heap before GC invocations=33 (full 4):
 PSYoungGen      total 318976K, used 304209K [0x00000000e0000000, 0x00000000f5b00000, 0x0000000100000000)
  eden space 286720K, 100% used [0x00000000e0000000,0x00000000f1800000,0x00000000f1800000)
  from space 32256K, 54% used [0x00000000f3b80000,0x00000000f4c94760,0x00000000f5b00000)
  to   space 34304K, 0% used [0x00000000f1800000,0x00000000f1800000,0x00000000f3980000)
 ParOldGen       total 200704K, used 79169K [0x00000000a0000000, 0x00000000ac400000, 0x00000000e0000000)
  object space 200704K, 39% used [0x00000000a0000000,0x00000000a4d50668,0x00000000ac400000)
 Metaspace       used 99942K, capacity 104132K, committed 104704K, reserved 1140736K
  class space    used 13090K, capacity 13986K, committed 14080K, reserved 1048576K
Event: 324.960 GC heap after
Heap after GC invocations=33 (full 4):
 PSYoungGen      total 321024K, used 24274K [0x00000000e0000000, 0x00000000f8280000, 0x0000000100000000)
  eden space 286720K, 0% used [0x00000000e0000000,0x00000000e0000000,0x00000000f1800000)
  from space 34304K, 70% used [0x00000000f1800000,0x00000000f2fb4bc8,0x00000000f3980000)
  to   space 35840K, 0% used [0x00000000f5f80000,0x00000000f5f80000,0x00000000f8280000)
 ParOldGen       total 200704K, used 82949K [0x00000000a0000000, 0x00000000ac400000, 0x00000000e0000000)
  object space 200704K, 41% used [0x00000000a0000000,0x00000000a5101698,0x00000000ac400000)
 Metaspace       used 99942K, capacity 104132K, committed 104704K, reserved 1140736K
  class space    used 13090K, capacity 13986K, committed 14080K, reserved 1048576K
}

