# JRE version: Java(TM) SE Runtime Environment (8.0_131-b11) (build 1.8.0_131-b11)
# Java VM: Java HotSpot(TM) 64-Bit Server VM (25.131-b11 mixed mode windows-amd64 compressed oops)
Heap:
 PSYoungGen      total 157184K, used 95967K [0x00000000e0000000, 0x00000000eb500000, 0x0000000100000000)
  eden space 137216K, 55% used [0x00000000e0000000,0x00000000e4a3cdc8,0x00000000e8600000)
  from space 19968K, 99% used [0x00000000e8a00000,0x00000000e9d7afb8,0x00000000e9d80000)
  to   space 24064K, 0% used [0x00000000e9d80000,0x00000000e9d80000,0x00000000eb500000)
 ParOldGen       total 123904K, used 47188K [0x00000000a0000000, 0x00000000a7900000, 0x00000000e0000000)
  object space 123904K, 38% used [0x00000000a0000000,0x00000000a2e15060,0x00000000a7900000)
 Metaspace       used 82674K, capacity 88048K, committed 88192K, reserved 1126400K
  class space    used 11161K, capacity 12036K, committed 12160K, reserved 1048576K
GC Heap History (10 events):
Event: 1734.210 GC heap before
{Heap before GC invocations=20 (full 3):
 PSYoungGen      total 175616K, used 175608K [0x00000000e0000000, 0x00000000ec000000, 0x0000000100000000)
  eden space 159744K, 100% used [0x00000000e0000000,0x00000000e9c00000,0x00000000e9c00000)
  from space 15872K, 99% used [0x00000000eb080000,0x00000000ebffe370,0x00000000ec000000)
  to   space 18432K, 0% used [0x00000000e9c00000,0x00000000e9c00000,0x00000000eae00000)
 ParOldGen       total 123904K, used 31843K [0x00000000a0000000, 0x00000000a7900000, 0x00000000e0000000)
  object space 123904K, 25% used [0x00000000a0000000,0x00000000a1f18c78,0x00000000a7900000)
 Metaspace       used 70887K, capacity 74224K, committed 74496K, reserved 1114112K
  class space    used 9580K, capacity 10186K, committed 10240K, reserved 1048576K
Event: 1734.228 GC heap after
Heap after GC invocations=20 (full 3):
 PSYoungGen      total 160256K, used 5568K [0x00000000e0000000, 0x00000000eba00000, 0x0000000100000000)
  eden space 154624K, 0% used [0x00000000e0000000,0x00000000e0000000,0x00000000e9700000)
  from space 5632K, 98% used [0x00000000e9c00000,0x00000000ea170000,0x00000000ea180000)
  to   space 17920K, 0% used [0x00000000ea880000,0x00000000ea880000,0x00000000eba00000)
 ParOldGen       total 123904K, used 41584K [0x00000000a0000000, 0x00000000a7900000, 0x00000000e0000000)
  object space 123904K, 33% used [0x00000000a0000000,0x00000000a289c2e8,0x00000000a7900000)
 Metaspace       used 70887K, capacity 74224K, committed 74496K, reserved 1114112K
  class space    used 9580K, capacity 10186K, committed 10240K, reserved 1048576K
}
Event: 4672.904 GC heap before
{Heap before GC invocations=21 (full 3):
 PSYoungGen      total 160256K, used 160192K [0x00000000e0000000, 0x00000000eba00000, 0x0000000100000000)
  eden space 154624K, 100% used [0x00000000e0000000,0x00000000e9700000,0x00000000e9700000)
  from space 5632K, 98% used [0x00000000e9c00000,0x00000000ea170000,0x00000000ea180000)
  to   space 17920K, 0% used [0x00000000ea880000,0x00000000ea880000,0x00000000eba00000)
 ParOldGen       total 123904K, used 41584K [0x00000000a0000000, 0x00000000a7900000, 0x00000000e0000000)
  object space 123904K, 33% used [0x00000000a0000000,0x00000000a289c2e8,0x00000000a7900000)
 Metaspace       used 71431K, capacity 75076K, committed 75392K, reserved 1114112K
  class space    used 9628K, capacity 10255K, committed 10368K, reserved 1048576K
Event: 4672.946 GC heap after
Heap after GC invocations=21 (full 3):
 PSYoungGen      total 162304K, used 7424K [0x00000000e0000000, 0x00000000eb480000, 0x0000000100000000)
  eden space 150016K, 0% used [0x00000000e0000000,0x00000000e0000000,0x00000000e9280000)
  from space 12288K, 60% used [0x00000000ea880000,0x00000000eafc0000,0x00000000eb480000)
  to   space 17408K, 0% used [0x00000000e9280000,0x00000000e9280000,0x00000000ea380000)
 ParOldGen       total 123904K, used 41592K [0x00000000a0000000, 0x00000000a7900000, 0x00000000e0000000)
  object space 123904K, 33% used [0x00000000a0000000,0x00000000a289e2e8,0x00000000a7900000)
 Metaspace       used 71431K, capacity 75076K, committed 75392K, reserved 1114112K
  class space    used 9628K, capacity 10255K, committed 10368K, reserved 1048576K
}
Event: 5103.881 GC heap before
{Heap before GC invocations=22 (full 3):
 PSYoungGen      total 162304K, used 157440K [0x00000000e0000000, 0x00000000eb480000, 0x0000000100000000)
  eden space 150016K, 100% used [0x00000000e0000000,0x00000000e9280000,0x00000000e9280000)
  from space 12288K, 60% used [0x00000000ea880000,0x00000000eafc0000,0x00000000eb480000)
  to   space 17408K, 0% used [0x00000000e9280000,0x00000000e9280000,0x00000000ea380000)
 ParOldGen       total 123904K, used 41592K [0x00000000a0000000, 0x00000000a7900000, 0x00000000e0000000)
  object space 123904K, 33% used [0x00000000a0000000,0x00000000a289e2e8,0x00000000a7900000)
 Metaspace       used 72476K, capacity 76664K, committed 76800K, reserved 1116160K
  class space    used 9760K, capacity 10484K, committed 10496K, reserved 1048576K
Event: 5103.912 GC heap after
Heap after GC invocations=22 (full 3):
 PSYoungGen      total 152064K, used 6393K [0x00000000e0000000, 0x00000000eaf00000, 0x0000000100000000)
  eden space 145408K, 0% used [0x00000000e0000000,0x00000000e0000000,0x00000000e8e00000)
  from space 6656K, 96% used [0x00000000e9280000,0x00000000e98be668,0x00000000e9900000)
  to   space 16896K, 0% used [0x00000000e9e80000,0x00000000e9e80000,0x00000000eaf00000)
 ParOldGen       total 123904K, used 41600K [0x00000000a0000000, 0x00000000a7900000, 0x00000000e0000000)
  object space 123904K, 33% used [0x00000000a0000000,0x00000000a28a02e8,0x00000000a7900000)
 Metaspace       used 72476K, capacity 76664K, committed 76800K, reserved 1116160K
  class space    used 9760K, capacity 10484K, committed 10496K, reserved 1048576K
}
Event: 5108.978 GC heap before
{Heap before GC invocations=23 (full 3):
 PSYoungGen      total 152064K, used 151801K [0x00000000e0000000, 0x00000000eaf00000, 0x0000000100000000)
  eden space 145408K, 100% used [0x00000000e0000000,0x00000000e8e00000,0x00000000e8e00000)
  from space 6656K, 96% used [0x00000000e9280000,0x00000000e98be668,0x00000000e9900000)
  to   space 16896K, 0% used [0x00000000e9e80000,0x00000000e9e80000,0x00000000eaf00000)
 ParOldGen       total 123904K, used 41600K [0x00000000a0000000, 0x00000000a7900000, 0x00000000e0000000)
  object space 123904K, 33% used [0x00000000a0000000,0x00000000a28a02e8,0x00000000a7900000)
 Metaspace       used 74181K, capacity 78444K, committed 78592K, reserved 1118208K
  class space    used 9927K, capacity 10648K, committed 10752K, reserved 1048576K
Event: 5109.008 GC heap after
Heap after GC invocations=23 (full 3):
 PSYoungGen      total 158208K, used 16893K [0x00000000e0000000, 0x00000000eb100000, 0x0000000100000000)
  eden space 141312K, 0% used [0x00000000e0000000,0x00000000e0000000,0x00000000e8a00000)
  from space 16896K, 99% used [0x00000000e9e80000,0x00000000eaeff5f0,0x00000000eaf00000)
  to   space 19968K, 0% used [0x00000000e8a00000,0x00000000e8a00000,0x00000000e9d80000)
 ParOldGen       total 123904K, used 43797K [0x00000000a0000000, 0x00000000a7900000, 0x00000000e0000000)
  object space 123904K, 35% used [0x00000000a0000000,0x00000000a2ac5680,0x00000000a7900000)
 Metaspace       used 74181K, capacity 78444K, committed 78592K, reserved 1118208K
  class space    used 9927K, capacity 10648K, committed 10752K, reserved 1048576K
}
Event: 5114.689 GC heap before
{Heap before GC invocations=24 (full 3):
 PSYoungGen      total 158208K, used 158205K [0x00000000e0000000, 0x00000000eb100000, 0x0000000100000000)
  eden space 141312K, 100% used [0x00000000e0000000,0x00000000e8a00000,0x00000000e8a00000)
  from space 16896K, 99% used [0x00000000e9e80000,0x00000000eaeff5f0,0x00000000eaf00000)
  to   space 19968K, 0% used [0x00000000e8a00000,0x00000000e8a00000,0x00000000e9d80000)
 ParOldGen       total 123904K, used 43797K [0x00000000a0000000, 0x00000000a7900000, 0x00000000e0000000)
  object space 123904K, 35% used [0x00000000a0000000,0x00000000a2ac5680,0x00000000a7900000)
 Metaspace       used 82242K, capacity 87542K, committed 87680K, reserved 1124352K
  class space    used 11152K, capacity 12033K, committed 12160K, reserved 1048576K
Event: 5114.736 GC heap after
Heap after GC invocations=24 (full 3):
 PSYoungGen      total 157184K, used 19947K [0x00000000e0000000, 0x00000000eb500000, 0x0000000100000000)
  eden space 137216K, 0% used [0x00000000e0000000,0x00000000e0000000,0x00000000e8600000)
  from space 19968K, 99% used [0x00000000e8a00000,0x00000000e9d7afb8,0x00000000e9d80000)
  to   space 24064K, 0% used [0x00000000e9d80000,0x00000000e9d80000,0x00000000eb500000)
 ParOldGen       total 123904K, used 47188K [0x00000000a0000000, 0x00000000a7900000, 0x00000000e0000000)
  object space 123904K, 38% used [0x00000000a0000000,0x00000000a2e15060,0x00000000a7900000)
 Metaspace       used 82242K, capacity 87542K, committed 87680K, reserved 1124352K
  class space    used 11152K, capacity 12033K, committed 12160K, reserved 1048576K
}

